<?xml version="1.0" encoding="UTF-8"?>
<testsuite xmlns:xsi="http://www.w3.org/2001/XMLSchema-instance" xsi:noNamespaceSchemaLocation="https://maven.apache.org/surefire/maven-surefire-plugin/xsd/surefire-test-report.xsd" version="3.0.2" name="com.teamknowledgeassistant.TeamKnowledgeAssistantApplicationTests" time="7.262" tests="1" errors="0" skipped="0" failures="0">
  <properties>
[...]
</properties>
  <testcase name="contextLoads" classname="com.teamknowledgeassistant.TeamKnowledgeAssistantApplicationTests" time="0.341">
    <system-out><![CDATA[12:52:27.827 [main] INFO org.springframework.test.context.support.AnnotationConfigContextLoaderUtils -- Could not detect default configuration classes for test class [com.teamknowledgeassistant.TeamKnowledgeAssistantApplicationTests]: TeamKnowledgeAssistantApplicationTests does not declare any static, non-private, non-final, nested classes annotated with @Configuration.
12:52:27.926 [main] INFO org.springframework.boot.test.context.SpringBootTestContextBootstrapper -- Found @SpringBootConfiguration com.teamknowledgeassistant.TeamKnowledgeAssistantApplication for test class com.teamknowledgeassistant.TeamKnowledgeAssistantApplicationTests

  .   ____          _            __ _ _
 /\\ / ___'_ __ _ _(_)_ __  __ _ \ \ \ \
( ( )\___ | '_ | '_| | '_ \/ _` | \ \ \ \
 \\/  ___)| |_)| | | | | || (_| |  ) ) ) )
  '  |____| .__|_| |_|_| |_\__, | / / / /
 =========|_|==============|___/=/_/_/_/

 :: Spring Boot ::                (v3.5.0)

2026-07-22T12:52:28.441+05:30  INFO 19768 --- [team-knowledge-assistant] [           main] t.TeamKnowledgeAssistantApplicationTests : Starting TeamKnowledgeAssistantApplicationTests using Java 21.0.11 with PID 19768 (started by SaurabhSuman1 in C:\Users\SaurabhSuman1\codebase\team-knowledge-assistant)
2026-07-22T12:52:28.442+05:30  INFO 19768 --- [team-knowledge-assistant] [           main] t.TeamKnowledgeAssistantApplicationTests : No active profile set, falling back to 1 default profile: "default"
2026-07-22T12:52:29.381+05:30  INFO 19768 --- [team-knowledge-assistant] [           main] .s.d.r.c.RepositoryConfigurationDelegate : Bootstrapping Spring Data JPA repositories in DEFAULT mode.
2026-07-22T12:52:29.462+05:30  INFO 19768 --- [team-knowledge-assistant] [           main] .s.d.r.c.RepositoryConfigurationDelegate : Finished Spring Data repository scanning in 63 ms. Found 2 JPA repository interfaces.
2026-07-22T12:52:30.123+05:30  INFO 19768 --- [team-knowledge-assistant] [           main] o.hibernate.jpa.internal.util.LogHelper  : HHH000204: Processing PersistenceUnitInfo [name: default]
2026-07-22T12:52:30.223+05:30  INFO 19768 --- [team-knowledge-assistant] [           main] org.hibernate.Version                    : HHH000412: Hibernate ORM core version 6.6.15.Final
2026-07-22T12:52:30.263+05:30  INFO 19768 --- [team-knowledge-assistant] [           main] o.h.c.internal.RegionFactoryInitiator    : HHH000026: Second-level cache disabled
2026-07-22T12:52:30.628+05:30  INFO 19768 --- [team-knowledge-assistant] [           main] o.s.o.j.p.SpringPersistenceUnitInfo      : No LoadTimeWeaver setup: ignoring JPA class transformer
2026-07-22T12:52:30.655+05:30  INFO 19768 --- [team-knowledge-assistant] [           main] com.zaxxer.hikari.HikariDataSource       : HikariPool-1 - Starting...
2026-07-22T12:52:30.833+05:30  INFO 19768 --- [team-knowledge-assistant] [           main] com.zaxxer.hikari.pool.HikariPool        : HikariPool-1 - Added connection conn0: url=jdbc:h2:mem:teamknowledgedb user=SA
2026-07-22T12:52:30.835+05:30  INFO 19768 --- [team-knowledge-assistant] [           main] com.zaxxer.hikari.HikariDataSource       : HikariPool-1 - Start completed.
2026-07-22T12:52:30.884+05:30  INFO 19768 --- [team-knowledge-assistant] [           main] org.hibernate.orm.connections.pooling    : HHH10001005: Database info:
	Database JDBC URL [Connecting through datasource 'HikariDataSource (HikariPool-1)']
	Database driver: undefined/unknown
	Database version: 2.3.232
	Autocommit mode: undefined/unknown
	Isolation level: undefined/unknown
	Minimum pool size: undefined/unknown
	Maximum pool size: undefined/unknown
2026-07-22T12:52:31.831+05:30  INFO 19768 --- [team-knowledge-assistant] [           main] o.h.e.t.j.p.i.JtaPlatformInitiator       : HHH000489: No JTA platform available (set 'hibernate.transaction.jta.platform' to enable JTA platform integration)
Hibernate: create table knowledge_document_tags (document_id UUID not null, tag varchar(50) not null, constraint uk_kd_tag_per_doc primary key (document_id, tag))
Hibernate: create table knowledge_documents (id UUID not null, created_at TIMESTAMP(6) not null, updated_at TIMESTAMP(6) not null, version bigint not null, category varchar(100) not null, content CLOB not null, title varchar(200) not null, primary key (id))
Hibernate: create table knowledge_notes (id bigint generated by default as identity, author varchar(120) not null, content varchar(4000) not null, created_at timestamp(6) not null, title varchar(200) not null, primary key (id))
Hibernate: create index idx_kd_tag on knowledge_document_tags (tag)
Hibernate: create index idx_kd_category on knowledge_documents (category)
Hibernate: create index idx_kd_created_at on knowledge_documents (created_at)
Hibernate: create index idx_kd_updated_at on knowledge_documents (updated_at)
Hibernate: alter table if exists knowledge_document_tags add constraint FKdojbab594f933lh3do697q8e foreign key (document_id) references knowledge_documents
2026-07-22T12:52:31.903+05:30  INFO 19768 --- [team-knowledge-assistant] [           main] j.LocalContainerEntityManagerFactoryBean : Initialized JPA EntityManagerFactory for persistence unit 'default'
2026-07-22T12:52:32.887+05:30  WARN 19768 --- [team-knowledge-assistant] [           main] JpaBaseConfiguration$JpaWebConfiguration : spring.jpa.open-in-view is enabled by default. Therefore, database queries may be performed during view rendering. Explicitly configure spring.jpa.open-in-view to disable this warning
2026-07-22T12:52:33.785+05:30  INFO 19768 --- [team-knowledge-assistant] [           main] o.s.d.j.r.query.QueryEnhancerFactory     : Hibernate is in classpath; If applicable, HQL parser will be used.
2026-07-22T12:52:34.534+05:30  INFO 19768 --- [team-knowledge-assistant] [           main] o.s.b.a.h2.H2ConsoleAutoConfiguration    : H2 console available at '/h2-console'. Database available at 'jdbc:h2:mem:teamknowledgedb'
2026-07-22T12:52:34.592+05:30  INFO 19768 --- [team-knowledge-assistant] [           main] t.TeamKnowledgeAssistantApplicationTests : Started TeamKnowledgeAssistantApplicationTests in 6.503 seconds (process running for 7.362)
]]></system-out>
    <system-err><![CDATA[Mockito is currently self-attaching to enable the inline-mock-maker. This will no longer work in future releases of the JDK. Please add Mockito as an agent to your build as described in Mockito's documentation: https://javadoc.io/doc/org.mockito/mockito-core/latest/org.mockito/org/mockito/Mockito.html#0.3
WARNING: A Java agent has been loaded dynamically (C:\Users\SaurabhSuman1\.m2\repository\net\bytebuddy\byte-buddy-agent\1.17.5\byte-buddy-agent-1.17.5.jar)
WARNING: If a serviceability tool is in use, please run with -XX:+EnableDynamicAgentLoading to hide this warning
WARNING: If a serviceability tool is not in use, please run with -Djdk.instrument.traceUsage for more information
WARNING: Dynamic loading of agents will be disallowed by default in a future release
]]></system-err>
  </testcase>
</testsuite>